2025-11-18 23:49:39,744 - INFO - Создан каталог:  'project_root'
2025-11-18 23:49:39,744 - INFO - Создан каталог:  'project_root/logs'
2025-11-18 23:49:39,744 - INFO - Создан каталог:  'project_root/data'
2025-11-18 23:49:39,744 - INFO - Создан каталог:  'project_root/data/raw'
2025-11-18 23:49:39,744 - INFO - Создан каталог:  'project_root/data/processed'
2025-11-18 23:49:39,744 - INFO - Создан каталог:  'project_root/backups'
2025-11-18 23:49:39,744 - INFO - Создан каталог:  'project_root/output'
2025-11-18 23:49:39,744 - INFO - Создан  файл :  text_file_utf8.txt
2025-11-18 23:49:39,745 - INFO - Создан  файл :  text_file_win1251.txt
2025-11-18 23:49:39,745 - INFO - Создан  файл :  text_file_CP1251.txt
2025-11-20 22:31:06,625 - INFO - Создан каталог:  'project_root'
2025-11-20 22:31:06,628 - INFO - Создан каталог:  'project_root/logs'
2025-11-20 22:31:06,631 - INFO - Создан каталог:  'project_root/data'
2025-11-20 22:31:06,632 - INFO - Создан каталог:  'project_root/data/raw'
2025-11-20 22:31:06,633 - INFO - Создан каталог:  'project_root/data/processed'
2025-11-20 22:31:06,633 - INFO - Создан каталог:  'project_root/backups'
2025-11-20 22:31:06,633 - INFO - Создан каталог:  'project_root/output'
2025-11-20 22:41:44,631 - INFO - Создан каталог:  'project_root'
2025-11-20 22:41:44,631 - INFO - Создан каталог:  'project_root/logs'
2025-11-20 22:41:44,632 - INFO - Создан каталог:  'project_root/data'
2025-11-20 22:41:44,632 - INFO - Создан каталог:  'project_root/data/raw'
2025-11-20 22:41:44,632 - INFO - Создан каталог:  'project_root/data/processed'
2025-11-20 22:41:44,632 - INFO - Создан каталог:  'project_root/backups'
2025-11-20 22:41:44,632 - INFO - Создан каталог:  'project_root/output'
2025-11-20 22:41:56,904 - INFO - Создан каталог:  'project_root'
2025-11-20 22:41:56,904 - INFO - Создан каталог:  'project_root/logs'
2025-11-20 22:41:56,904 - INFO - Создан каталог:  'project_root/data'
2025-11-20 22:41:56,904 - INFO - Создан каталог:  'project_root/data/raw'
2025-11-20 22:41:56,904 - INFO - Создан каталог:  'project_root/data/processed'
2025-11-20 22:41:56,904 - INFO - Создан каталог:  'project_root/backups'
2025-11-20 22:41:56,904 - INFO - Создан каталог:  'project_root/output'
2025-11-20 23:07:04,566 - INFO - Создан каталог:  'project_root'
2025-11-20 23:07:04,576 - INFO - Создан каталог:  'project_root/logs'
2025-11-20 23:07:04,577 - INFO - Создан каталог:  'project_root/data'
2025-11-20 23:07:04,577 - INFO - Создан каталог:  'project_root/data/raw'
2025-11-20 23:07:04,577 - INFO - Создан каталог:  'project_root/data/processed'
2025-11-20 23:07:04,577 - INFO - Создан каталог:  'project_root/backups'
2025-11-20 23:07:04,577 - INFO - Создан каталог:  'project_root/output'
2025-11-20 23:07:10,738 - INFO - Создан каталог:  'project_root'
2025-11-20 23:07:10,738 - INFO - Создан каталог:  'project_root/logs'
2025-11-20 23:07:10,739 - INFO - Создан каталог:  'project_root/data'
2025-11-20 23:07:10,739 - INFO - Создан каталог:  'project_root/data/raw'
2025-11-20 23:07:10,739 - INFO - Создан каталог:  'project_root/data/processed'
2025-11-20 23:07:10,739 - INFO - Создан каталог:  'project_root/backups'
2025-11-20 23:07:10,739 - INFO - Создан каталог:  'project_root/output'
2025-11-21 00:28:48,476 - INFO - Создан каталог:  'project_root'
2025-11-21 00:28:48,476 - INFO - Создан каталог:  'project_root/logs'
2025-11-21 00:28:48,476 - INFO - Создан каталог:  'project_root/data'
2025-11-21 00:28:48,476 - INFO - Создан каталог:  'project_root/data/raw'
2025-11-21 00:28:48,476 - INFO - Создан каталог:  'project_root/data/processed'
2025-11-21 00:28:48,476 - INFO - Создан каталог:  'project_root/backups'
2025-11-21 00:28:48,476 - INFO - Создан каталог:  'project_root/output'
2025-11-21 00:29:21,046 - INFO - Создан каталог:  'project_root'
2025-11-21 00:29:21,046 - INFO - Создан каталог:  'project_root/logs'
2025-11-21 00:29:21,046 - INFO - Создан каталог:  'project_root/data'
2025-11-21 00:29:21,046 - INFO - Создан каталог:  'project_root/data/raw'
2025-11-21 00:29:21,047 - INFO - Создан каталог:  'project_root/data/processed'
2025-11-21 00:29:21,047 - INFO - Создан каталог:  'project_root/backups'
2025-11-21 00:29:21,047 - INFO - Создан каталог:  'project_root/output'
2025-11-21 00:29:30,738 - INFO - Создан каталог:  'project_root'
2025-11-21 00:29:30,739 - INFO - Создан каталог:  'project_root/logs'
2025-11-21 00:29:30,739 - INFO - Создан каталог:  'project_root/data'
2025-11-21 00:29:30,739 - INFO - Создан каталог:  'project_root/data/raw'
2025-11-21 00:29:30,739 - INFO - Создан каталог:  'project_root/data/processed'
2025-11-21 00:29:30,739 - INFO - Создан каталог:  'project_root/backups'
2025-11-21 00:29:30,739 - INFO - Создан каталог:  'project_root/output'
2025-11-21 00:34:53,998 - INFO - Создан каталог:  'project_root'
2025-11-21 00:34:53,998 - INFO - Создан каталог:  'project_root/logs'
2025-11-21 00:34:53,998 - INFO - Создан каталог:  'project_root/data'
2025-11-21 00:34:53,998 - INFO - Создан каталог:  'project_root/data/raw'
2025-11-21 00:34:53,998 - INFO - Создан каталог:  'project_root/data/processed'
2025-11-21 00:34:53,998 - INFO - Создан каталог:  'project_root/backups'
2025-11-21 00:34:53,998 - INFO - Создан каталог:  'project_root/output'
2025-11-21 00:39:10,475 - INFO - Создан каталог:  'project_root'
2025-11-21 00:39:10,475 - INFO - Создан каталог:  'project_root/logs'
2025-11-21 00:39:10,475 - INFO - Создан каталог:  'project_root/data'
2025-11-21 00:39:10,475 - INFO - Создан каталог:  'project_root/data/raw'
2025-11-21 00:39:10,475 - INFO - Создан каталог:  'project_root/data/processed'
2025-11-21 00:39:10,475 - INFO - Создан каталог:  'project_root/backups'
2025-11-21 00:39:10,475 - INFO - Создан каталог:  'project_root/output'
2025-11-21 00:39:10,475 - INFO - Вторая часть задания.........
2025-11-21 00:39:10,475 - INFO - Вторая часть задания.........   2.1
2025-11-21 00:39:10,485 - INFO - Вторая часть задания.........   2.2
